

********************************************************************************
*
*  Create Netlist
*
********************************************************************************
Netlist Format: LAYOUT
Design Name: D:\PROJECTS\LED CUBE\ORCAD\ORCAD\LED\LED555.DSN
Processing complete with no errors
Done


********************************************************************************
*
*  Create Netlist
*
********************************************************************************
Netlist Format: LAYOUT
Design Name: D:\PROJECTS\LED CUBE\ORCAD\ORCAD\LED\LED555.DSN
Processing complete with no errors
Done


********************************************************************************
*
*  Create Netlist
*
********************************************************************************
Netlist Format: LAYOUT
Design Name: D:\PROJECTS\LED CUBE\ORCAD\ORCAD\LED\LED555.DSN
Processing complete with no errors
Done


********************************************************************************
*
*  Create Netlist
*
********************************************************************************
Netlist Format: LAYOUT
Design Name: D:\PROJECTS\LED CUBE\ORCAD\ORCAD\MAIN\555.DSN
Processing complete with no errors
Done
--------------------------------------------------------------------------------------------------------------------------------------
The following 1 points have been identified as net connectivity change points from the last operation
--------------------------------------------------------------------------------------------------------------------------------------
(7.80, 5.80)
--------------------------------------------------------------------------------------------------------------------------------------
The following 1 points have been identified as net connectivity change points from the last operation
--------------------------------------------------------------------------------------------------------------------------------------
(5.50, 6.30)
--------------------------------------------------------------------------------------------------------------------------------------
The following 1 points have been identified as net connectivity change points from the last operation
--------------------------------------------------------------------------------------------------------------------------------------
(5.50, 6.10)
--------------------------------------------------------------------------------------------------------------------------------------
The following 1 points have been identified as net connectivity change points from the last operation
--------------------------------------------------------------------------------------------------------------------------------------
(5.50, 6.70)
--------------------------------------------------------------------------------------------------------------------------------------
The following 1 points have been identified as net connectivity change points from the last operation
--------------------------------------------------------------------------------------------------------------------------------------
(6.70, 5.70)
--------------------------------------------------------------------------------------------------------------------------------------
The following 1 points have been identified as net connectivity change points from the last operation
--------------------------------------------------------------------------------------------------------------------------------------
(6.40, 5.30)
--------------------------------------------------------------------------------------------------------------------------------------
The following 1 points have been identified as net connectivity change points from the last operation
--------------------------------------------------------------------------------------------------------------------------------------
(8.40, 5.90)
--------------------------------------------------------------------------------------------------------------------------------------
The following 1 points have been identified as net connectivity change points from the last operation
--------------------------------------------------------------------------------------------------------------------------------------
(9.30, 5.30)
--------------------------------------------------------------------------------------------------------------------------------------
The following 1 points have been identified as net connectivity change points from the last operation
--------------------------------------------------------------------------------------------------------------------------------------
(5.40, 4.20)
--------------------------------------------------------------------------------------------------------------------------------------
The following 1 points have been identified as net connectivity change points from the last operation
--------------------------------------------------------------------------------------------------------------------------------------
(5.40, 4.80)
--------------------------------------------------------------------------------------------------------------------------------------
The following 2 points have been identified as net connectivity change points from the last operation
--------------------------------------------------------------------------------------------------------------------------------------
(4.90, 4.40)
(6.40, 4.40)
--------------------------------------------------------------------------------------------------------------------------------------
The following 1 points have been identified as net connectivity change points from the last operation
--------------------------------------------------------------------------------------------------------------------------------------
(4.70, 3.90)
--------------------------------------------------------------------------------------------------------------------------------------
The following 1 points have been identified as net connectivity change points from the last operation
--------------------------------------------------------------------------------------------------------------------------------------
(8.90, 3.90)
--------------------------------------------------------------------------------------------------------------------------------------
The following 1 points have been identified as net connectivity change points from the last operation
--------------------------------------------------------------------------------------------------------------------------------------
(4.70, 3.50)
--------------------------------------------------------------------------------------------------------------------------------------
The following 1 points have been identified as net connectivity change points from the last operation
--------------------------------------------------------------------------------------------------------------------------------------
(4.70, 4.00)
--------------------------------------------------------------------------------------------------------------------------------------
The following 1 points have been identified as net connectivity change points from the last operation
--------------------------------------------------------------------------------------------------------------------------------------
(4.60, 5.00)
--------------------------------------------------------------------------------------------------------------------------------------
The following 1 points have been identified as net connectivity change points from the last operation
--------------------------------------------------------------------------------------------------------------------------------------
(4.30, 4.00)
--------------------------------------------------------------------------------------------------------------------------------------
The following 1 points have been identified as net connectivity change points from the last operation
--------------------------------------------------------------------------------------------------------------------------------------
(4.70, 3.50)
--------------------------------------------------------------------------------------------------------------------------------------
The following 1 points have been identified as net connectivity change points from the last operation
--------------------------------------------------------------------------------------------------------------------------------------
(5.60, 3.80)
--------------------------------------------------------------------------------------------------------------------------------------
The following 1 points have been identified as net connectivity change points from the last operation
--------------------------------------------------------------------------------------------------------------------------------------
(5.60, 5.10)
--------------------------------------------------------------------------------------------------------------------------------------
The following 1 points have been identified as net connectivity change points from the last operation
--------------------------------------------------------------------------------------------------------------------------------------
(7.40, 2.60)
--------------------------------------------------------------------------------------------------------------------------------------
The following 1 points have been identified as net connectivity change points from the last operation
--------------------------------------------------------------------------------------------------------------------------------------
(7.40, 3.20)
--------------------------------------------------------------------------------------------------------------------------------------
The following 1 points have been identified as net connectivity change points from the last operation
--------------------------------------------------------------------------------------------------------------------------------------
(7.20, 4.30)
--------------------------------------------------------------------------------------------------------------------------------------
The following 1 points have been identified as net connectivity change points from the last operation
--------------------------------------------------------------------------------------------------------------------------------------
(7.00, 5.00)
--------------------------------------------------------------------------------------------------------------------------------------
The following 1 points have been identified as net connectivity change points from the last operation
--------------------------------------------------------------------------------------------------------------------------------------
(7.00, 3.50)
--------------------------------------------------------------------------------------------------------------------------------------
The following 1 points have been identified as net connectivity change points from the last operation
--------------------------------------------------------------------------------------------------------------------------------------
(5.70, 4.00)
--------------------------------------------------------------------------------------------------------------------------------------
The following 1 points have been identified as net connectivity change points from the last operation
--------------------------------------------------------------------------------------------------------------------------------------
(8.60, 2.10)
--------------------------------------------------------------------------------------------------------------------------------------
The following 1 points have been identified as net connectivity change points from the last operation
--------------------------------------------------------------------------------------------------------------------------------------
(6.30, 3.50)
--------------------------------------------------------------------------------------------------------------------------------------
The following 1 points have been identified as net connectivity change points from the last operation
--------------------------------------------------------------------------------------------------------------------------------------
(6.10, 2.70)
--------------------------------------------------------------------------------------------------------------------------------------
The following 1 points have been identified as net connectivity change points from the last operation
--------------------------------------------------------------------------------------------------------------------------------------
(5.70, 2.70)
--------------------------------------------------------------------------------------------------------------------------------------
The following 1 points have been identified as net connectivity change points from the last operation
--------------------------------------------------------------------------------------------------------------------------------------
(6.10, 3.00)
--------------------------------------------------------------------------------------------------------------------------------------
The following 1 points have been identified as net connectivity change points from the last operation
--------------------------------------------------------------------------------------------------------------------------------------
(5.70, 3.00)
--------------------------------------------------------------------------------------------------------------------------------------
The following 1 points have been identified as net connectivity change points from the last operation
--------------------------------------------------------------------------------------------------------------------------------------
(5.70, 2.70)
--------------------------------------------------------------------------------------------------------------------------------------
The following 1 points have been identified as net connectivity change points from the last operation
--------------------------------------------------------------------------------------------------------------------------------------
(5.80, 2.50)
--------------------------------------------------------------------------------------------------------------------------------------
The following 1 points have been identified as net connectivity change points from the last operation
--------------------------------------------------------------------------------------------------------------------------------------
(6.50, 3.30)


********************************************************************************
*
*  Create Netlist
*
********************************************************************************
Netlist Format: LAYOUT
Design Name: D:\PROJECTS\LED CUBE\ORCAD\ORCAD\MAIN\555.DSN
Processing complete with no errors
Done
--------------------------------------------------------------------------------------------------------------------------------------
The following 7 points have been identified as net connectivity change points from the last operation
--------------------------------------------------------------------------------------------------------------------------------------
(3.50, 1.60)
(3.50, 2.60)
(7.00, 1.80)
(8.00, 1.80)
(4.10, 2.50)
(4.10, 2.40)
(3.50, 4.00)
--------------------------------------------------------------------------------------------------------------------------------------
The following 1 points have been identified as net connectivity change points from the last operation
--------------------------------------------------------------------------------------------------------------------------------------
(3.10, 5.30)
--------------------------------------------------------------------------------------------------------------------------------------
The following 10 points have been identified as net connectivity change points from the last operation
--------------------------------------------------------------------------------------------------------------------------------------
(7.30, 1.10)
(7.30, 1.20)
(7.30, 1.30)
(7.30, 1.40)
(7.30, 1.50)
(6.90, 1.10)
(6.90, 1.20)
(6.90, 1.40)
(6.90, 1.30)
(6.90, 1.50)
--------------------------------------------------------------------------------------------------------------------------------------
The following 2 points have been identified as net connectivity change points from the last operation
--------------------------------------------------------------------------------------------------------------------------------------
(8.70, 2.00)
(8.66, 2.00)
--------------------------------------------------------------------------------------------------------------------------------------
The following 2 points have been identified as net connectivity change points from the last operation
--------------------------------------------------------------------------------------------------------------------------------------
(8.70, 2.10)
(8.66, 2.10)
--------------------------------------------------------------------------------------------------------------------------------------
The following 2 points have been identified as net connectivity change points from the last operation
--------------------------------------------------------------------------------------------------------------------------------------
(2.00, 2.20)
(2.20, 2.20)
--------------------------------------------------------------------------------------------------------------------------------------
The following 1 points have been identified as net connectivity change points from the last operation
--------------------------------------------------------------------------------------------------------------------------------------
(2.00, 2.20)
--------------------------------------------------------------------------------------------------------------------------------------
The following 1 points have been identified as net connectivity change points from the last operation
--------------------------------------------------------------------------------------------------------------------------------------
(2.00, 2.10)
--------------------------------------------------------------------------------------------------------------------------------------
The following 1 points have been identified as net connectivity change points from the last operation
--------------------------------------------------------------------------------------------------------------------------------------
(2.00, 2.30)
--------------------------------------------------------------------------------------------------------------------------------------
The following 1 points have been identified as net connectivity change points from the last operation
--------------------------------------------------------------------------------------------------------------------------------------
(2.00, 2.20)
--------------------------------------------------------------------------------------------------------------------------------------
The following 9 points have been identified as net connectivity change points from the last operation
--------------------------------------------------------------------------------------------------------------------------------------
(2.00, 2.40)
(2.00, 2.50)
(2.00, 2.60)
(2.00, 2.70)
(2.00, 2.80)
(2.00, 2.90)
(2.00, 3.00)
(1.90, 2.00)
(1.90, 2.20)
--------------------------------------------------------------------------------------------------------------------------------------
The following 1 points have been identified as net connectivity change points from the last operation
--------------------------------------------------------------------------------------------------------------------------------------
(1.10, 2.50)
--------------------------------------------------------------------------------------------------------------------------------------
The following 1 points have been identified as net connectivity change points from the last operation
--------------------------------------------------------------------------------------------------------------------------------------
(1.80, 2.20)
--------------------------------------------------------------------------------------------------------------------------------------
The following 1 points have been identified as net connectivity change points from the last operation
--------------------------------------------------------------------------------------------------------------------------------------
(1.80, 2.20)
--------------------------------------------------------------------------------------------------------------------------------------
The following 3 points have been identified as net connectivity change points from the last operation
--------------------------------------------------------------------------------------------------------------------------------------
(7.50, 1.70)
(7.50, 1.60)
(7.50, 1.80)
--------------------------------------------------------------------------------------------------------------------------------------
The following 12 points have been identified as net connectivity change points from the last operation
--------------------------------------------------------------------------------------------------------------------------------------
(6.30, 1.00)
(6.30, 1.10)
(6.30, 1.20)
(7.30, 1.10)
(7.30, 1.00)
(6.30, 1.30)
(6.30, 1.40)
(7.30, 1.20)
(6.30, 1.50)
(7.30, 1.40)
(7.30, 1.30)
(7.30, 1.50)
--------------------------------------------------------------------------------------------------------------------------------------
The following 11 points have been identified as net connectivity change points from the last operation
--------------------------------------------------------------------------------------------------------------------------------------
(8.60, 1.60)
(8.60, 1.70)
(8.60, 1.80)
(8.60, 1.90)
(8.60, 2.00)
(8.60, 2.10)
(8.60, 1.10)
(8.60, 1.20)
(8.60, 1.30)
(8.60, 1.40)
(8.60, 1.50)
--------------------------------------------------------------------------------------------------------------------------------------
The following 4 points have been identified as net connectivity change points from the last operation
--------------------------------------------------------------------------------------------------------------------------------------
(7.40, 2.10)
(7.70, 2.10)
(8.70, 2.00)
(8.50, 2.00)
--------------------------------------------------------------------------------------------------------------------------------------
The following 4 points have been identified as net connectivity change points from the last operation
--------------------------------------------------------------------------------------------------------------------------------------
(7.70, 2.00)
(8.20, 2.00)
(8.70, 2.00)
(8.50, 2.00)
--------------------------------------------------------------------------------------------------------------------------------------
The following 1 points have been identified as net connectivity change points from the last operation
--------------------------------------------------------------------------------------------------------------------------------------
(7.40, 2.30)
--------------------------------------------------------------------------------------------------------------------------------------
The following 8 points have been identified as net connectivity change points from the last operation
--------------------------------------------------------------------------------------------------------------------------------------
(8.70, 1.30)
(8.70, 1.40)
(8.70, 1.50)
(8.70, 1.60)
(8.70, 1.70)
(8.70, 1.80)
(8.70, 1.90)
(8.70, 2.30)
--------------------------------------------------------------------------------------------------------------------------------------
The following 1 points have been identified as net connectivity change points from the last operation
--------------------------------------------------------------------------------------------------------------------------------------
(8.50, 2.20)
--------------------------------------------------------------------------------------------------------------------------------------
The following 1 points have been identified as net connectivity change points from the last operation
--------------------------------------------------------------------------------------------------------------------------------------
(8.20, 2.20)
--------------------------------------------------------------------------------------------------------------------------------------
The following 1 points have been identified as net connectivity change points from the last operation
--------------------------------------------------------------------------------------------------------------------------------------
(7.70, 2.00)
--------------------------------------------------------------------------------------------------------------------------------------
The following 1 points have been identified as net connectivity change points from the last operation
--------------------------------------------------------------------------------------------------------------------------------------
(7.70, 2.10)
--------------------------------------------------------------------------------------------------------------------------------------
The following 1 points have been identified as net connectivity change points from the last operation
--------------------------------------------------------------------------------------------------------------------------------------
(8.70, 2.20)
--------------------------------------------------------------------------------------------------------------------------------------
The following 1 points have been identified as net connectivity change points from the last operation
--------------------------------------------------------------------------------------------------------------------------------------
(8.00, 3.30)


********************************************************************************
*
*  Create Netlist
*
********************************************************************************
Netlist Format: LAYOUT
Design Name: D:\PROJECTS\LED CUBE\ORCAD\ORCAD\MAIN\555.DSN
Processing complete with no errors
Done
--------------------------------------------------------------------------------------------------------------------------------------
The following 1 points have been identified as net connectivity change points from the last operation
--------------------------------------------------------------------------------------------------------------------------------------
(7.60, 5.30)
--------------------------------------------------------------------------------------------------------------------------------------
The following 1 points have been identified as net connectivity change points from the last operation
--------------------------------------------------------------------------------------------------------------------------------------
(7.00, 1.00)
--------------------------------------------------------------------------------------------------------------------------------------
The following 1 points have been identified as net connectivity change points from the last operation
--------------------------------------------------------------------------------------------------------------------------------------
(3.10, 0.70)
--------------------------------------------------------------------------------------------------------------------------------------
The following 1 points have been identified as net connectivity change points from the last operation
--------------------------------------------------------------------------------------------------------------------------------------
(5.70, 4.10)
--------------------------------------------------------------------------------------------------------------------------------------
The following 1 points have been identified as net connectivity change points from the last operation
--------------------------------------------------------------------------------------------------------------------------------------
(4.00, 2.50)
--------------------------------------------------------------------------------------------------------------------------------------
The following 20 points have been identified as net connectivity change points from the last operation
--------------------------------------------------------------------------------------------------------------------------------------
(5.40, 2.20)
(5.40, 2.10)
(4.20, 2.30)
(5.40, 2.50)
(5.40, 2.40)
(4.20, 2.40)
(5.40, 2.60)
(5.40, 3.30)
(5.40, 3.20)
(5.40, 1.40)
(4.20, 1.40)
(5.40, 1.50)
(4.20, 1.50)
(5.40, 1.70)
(5.40, 1.60)
(4.20, 1.70)
(4.20, 1.60)
(5.40, 1.90)
(5.40, 1.80)
(5.40, 2.00)
--------------------------------------------------------------------------------------------------------------------------------------
The following 1 points have been identified as net connectivity change points from the last operation
--------------------------------------------------------------------------------------------------------------------------------------
(4.00, 2.20)
--------------------------------------------------------------------------------------------------------------------------------------
The following 2 points have been identified as net connectivity change points from the last operation
--------------------------------------------------------------------------------------------------------------------------------------
(7.90, 3.20)
(7.90, 3.50)
--------------------------------------------------------------------------------------------------------------------------------------
The following 1 points have been identified as net connectivity change points from the last operation
--------------------------------------------------------------------------------------------------------------------------------------
(7.00, 4.10)
--------------------------------------------------------------------------------------------------------------------------------------
The following 1 points have been identified as net connectivity change points from the last operation
--------------------------------------------------------------------------------------------------------------------------------------
(3.10, 2.00)
--------------------------------------------------------------------------------------------------------------------------------------
The following 1 points have been identified as net connectivity change points from the last operation
--------------------------------------------------------------------------------------------------------------------------------------
(3.10, 3.10)
--------------------------------------------------------------------------------------------------------------------------------------
The following 1 points have been identified as net connectivity change points from the last operation
--------------------------------------------------------------------------------------------------------------------------------------
(3.10, 4.40)
--------------------------------------------------------------------------------------------------------------------------------------
The following 1 points have been identified as net connectivity change points from the last operation
--------------------------------------------------------------------------------------------------------------------------------------
(3.10, 5.30)
--------------------------------------------------------------------------------------------------------------------------------------
The following 1 points have been identified as net connectivity change points from the last operation
--------------------------------------------------------------------------------------------------------------------------------------
(6.70, 2.30)
--------------------------------------------------------------------------------------------------------------------------------------
The following 1 points have been identified as net connectivity change points from the last operation
--------------------------------------------------------------------------------------------------------------------------------------
(6.70, 2.30)
--------------------------------------------------------------------------------------------------------------------------------------
The following 1 points have been identified as net connectivity change points from the last operation
--------------------------------------------------------------------------------------------------------------------------------------
(6.70, 2.60)
--------------------------------------------------------------------------------------------------------------------------------------
The following 1 points have been identified as net connectivity change points from the last operation
--------------------------------------------------------------------------------------------------------------------------------------
(6.70, 2.60)
--------------------------------------------------------------------------------------------------------------------------------------
The following 15 points have been identified as net connectivity change points from the last operation
--------------------------------------------------------------------------------------------------------------------------------------
(2.00, 3.60)
(2.00, 3.70)
(2.00, 3.80)
(2.00, 3.90)
(3.00, 3.70)
(3.00, 3.80)
(2.00, 4.00)
(2.00, 4.10)
(3.00, 3.90)
(2.00, 4.20)
(2.00, 4.30)
(3.00, 4.00)
(3.00, 4.10)
(3.00, 4.20)
(3.00, 4.30)
--------------------------------------------------------------------------------------------------------------------------------------
The following 16 points have been identified as net connectivity change points from the last operation
--------------------------------------------------------------------------------------------------------------------------------------
(2.00, 3.70)
(2.00, 3.80)
(2.00, 3.90)
(3.00, 3.70)
(3.00, 3.80)
(2.00, 4.00)
(2.00, 4.10)
(3.00, 3.90)
(2.00, 4.20)
(2.00, 4.30)
(3.00, 4.00)
(3.00, 4.10)
(2.00, 4.40)
(3.00, 4.20)
(3.00, 4.30)
(3.00, 4.40)
--------------------------------------------------------------------------------------------------------------------------------------
The following 15 points have been identified as net connectivity change points from the last operation
--------------------------------------------------------------------------------------------------------------------------------------
(3.00, 1.80)
(3.00, 1.90)
(2.00, 2.10)
(3.00, 2.00)
(2.00, 1.40)
(2.00, 1.50)
(3.00, 1.40)
(2.00, 1.60)
(2.00, 1.70)
(3.00, 1.50)
(2.00, 1.80)
(2.00, 1.90)
(3.00, 1.60)
(3.00, 1.70)
(2.00, 2.00)
--------------------------------------------------------------------------------------------------------------------------------------
The following 15 points have been identified as net connectivity change points from the last operation
--------------------------------------------------------------------------------------------------------------------------------------
(3.00, 1.80)
(3.00, 1.90)
(3.00, 2.00)
(2.00, 1.30)
(2.00, 1.40)
(2.00, 1.50)
(3.00, 1.40)
(2.00, 1.60)
(2.00, 1.70)
(3.00, 1.50)
(2.00, 1.80)
(2.00, 1.90)
(3.00, 1.60)
(3.00, 1.70)
(2.00, 2.00)
--------------------------------------------------------------------------------------------------------------------------------------
The following 1 points have been identified as net connectivity change points from the last operation
--------------------------------------------------------------------------------------------------------------------------------------
(6.10, 4.60)
--------------------------------------------------------------------------------------------------------------------------------------
The following 1 points have been identified as net connectivity change points from the last operation
--------------------------------------------------------------------------------------------------------------------------------------
(6.20, 5.90)
--------------------------------------------------------------------------------------------------------------------------------------
The following 1 points have been identified as net connectivity change points from the last operation
--------------------------------------------------------------------------------------------------------------------------------------
(6.10, 3.20)
--------------------------------------------------------------------------------------------------------------------------------------
The following 1 points have been identified as net connectivity change points from the last operation
--------------------------------------------------------------------------------------------------------------------------------------
(6.20, 4.10)
--------------------------------------------------------------------------------------------------------------------------------------
The following 1 points have been identified as net connectivity change points from the last operation
--------------------------------------------------------------------------------------------------------------------------------------
(6.10, 5.60)
--------------------------------------------------------------------------------------------------------------------------------------
The following 1 points have been identified as net connectivity change points from the last operation
--------------------------------------------------------------------------------------------------------------------------------------
(6.20, 3.20)
Layout Footprint Libraries read from directories listed in the section 'Layout Footprints' of the initialization file.


********************************************************************************
*
*  Create Netlist
*
********************************************************************************
Netlist Format: LAYOUT
Design Name: D:\PROJECTS\LED CUBE\ORCAD\ORCAD\MAIN\555.DSN
Processing complete with no errors
Done
--------------------------------------------------------------------------------------------------------------------------------------
The following 1 points have been identified as net connectivity change points from the last operation
--------------------------------------------------------------------------------------------------------------------------------------
(4.10, 2.50)


********************************************************************************
*
*  Create Netlist
*
********************************************************************************
Netlist Format: LAYOUT
Design Name: D:\PROJECTS\LED CUBE\ORCAD\ORCAD\MAIN\555.DSN
Processing complete with no errors
Done
--------------------------------------------------------------------------------------------------------------------------------------
The following 1 points have been identified as net connectivity change points from the last operation
--------------------------------------------------------------------------------------------------------------------------------------
(2.00, 3.40)
--------------------------------------------------------------------------------------------------------------------------------------
The following 1 points have been identified as net connectivity change points from the last operation
--------------------------------------------------------------------------------------------------------------------------------------
(1.80, 2.20)
--------------------------------------------------------------------------------------------------------------------------------------
The following 1 points have been identified as net connectivity change points from the last operation
--------------------------------------------------------------------------------------------------------------------------------------
(1.70, 1.10)
--------------------------------------------------------------------------------------------------------------------------------------
The following 1 points have been identified as net connectivity change points from the last operation
--------------------------------------------------------------------------------------------------------------------------------------
(4.00, 2.30)
--------------------------------------------------------------------------------------------------------------------------------------
The following 1 points have been identified as net connectivity change points from the last operation
--------------------------------------------------------------------------------------------------------------------------------------
(4.00, 2.00)
--------------------------------------------------------------------------------------------------------------------------------------
The following 21 points have been identified as net connectivity change points from the last operation
--------------------------------------------------------------------------------------------------------------------------------------
(5.40, 2.20)
(5.40, 2.10)
(5.40, 2.30)
(4.20, 2.30)
(5.40, 2.50)
(5.40, 2.40)
(4.20, 2.40)
(5.40, 2.60)
(5.40, 3.30)
(5.40, 3.20)
(5.40, 1.40)
(4.20, 1.40)
(5.40, 1.50)
(4.20, 1.50)
(5.40, 1.70)
(5.40, 1.60)
(4.20, 1.70)
(4.20, 1.60)
(5.40, 1.90)
(5.40, 1.80)
(5.40, 2.00)


********************************************************************************
*
*  Design Rules Check
*
********************************************************************************

Checking Pins and Pin Connections
ERROR [DRC0031]   Same Pin Number connected to  more than one net. /74HC595/1 Nets: 'N34023' and 'N61263'. :  SCHEMATIC1, NguyenLy  (2.00, 2.00) 
ERROR [DRC0031]   Same Pin Number connected to  more than one net. /74HC595/2 Nets: 'N33970' and 'N32064'. :  SCHEMATIC1, NguyenLy  (2.00, 1.90) 
ERROR [DRC0031]   Same Pin Number connected to  more than one net. /74HC595/3 Nets: 'N43240' and 'N32329'. :  SCHEMATIC1, NguyenLy  (2.00, 1.80) 
ERROR [DRC0031]   Same Pin Number connected to  more than one net. /74HC595/4 Nets: 'N33864' and 'N32276'. :  SCHEMATIC1, NguyenLy  (2.00, 1.70) 
ERROR [DRC0031]   Same Pin Number connected to  more than one net. /74HC595/5 Nets: 'N33811' and 'N32223'. :  SCHEMATIC1, NguyenLy  (2.00, 1.60) 
ERROR [DRC0031]   Same Pin Number connected to  more than one net. /74HC595/6 Nets: 'N33758' and 'N32170'. :  SCHEMATIC1, NguyenLy  (2.00, 1.50) 
ERROR [DRC0031]   Same Pin Number connected to  more than one net. /74HC595/7 Nets: 'N33705' and 'N32117'. :  SCHEMATIC1, NguyenLy  (2.00, 1.40) 
ERROR [DRC0031]   Same Pin Number connected to  more than one net. /74HC595/15 Nets: 'N34076' and 'N61316'. :  SCHEMATIC1, NguyenLy  (3.00, 1.90) 
ERROR [DRC0031]   Same Pin Number connected to  more than one net. /74HC595/14 Nets: 'N70247' and 'N70788'. :  SCHEMATIC1, NguyenLy  (3.00, 1.80) 
ERROR [DRC0031]   Same Pin Number connected to  more than one net. /74HC595/10 Nets: 'N55367' and 'N63189'. :  SCHEMATIC1, NguyenLy  (3.00, 1.40) 
ERROR [DRC0031]   Same Pin Number connected to  more than one net. /74HC595/1 Nets: 'N100601' and 'N61263'. :  SCHEMATIC1, NguyenLy  (2.00, 3.10) 
ERROR [DRC0031]   Same Pin Number connected to  more than one net. /74HC595/2 Nets: 'N100709' and 'N32064'. :  SCHEMATIC1, NguyenLy  (2.00, 3.00) 
ERROR [DRC0031]   Same Pin Number connected to  more than one net. /74HC595/3 Nets: 'N100764' and 'N32329'. :  SCHEMATIC1, NguyenLy  (2.00, 2.90) 
ERROR [DRC0031]   Same Pin Number connected to  more than one net. /74HC595/4 Nets: 'N100819' and 'N32276'. :  SCHEMATIC1, NguyenLy  (2.00, 2.80) 
ERROR [DRC0031]   Same Pin Number connected to  more than one net. /74HC595/5 Nets: 'N100874' and 'N32223'. :  SCHEMATIC1, NguyenLy  (2.00, 2.70) 
ERROR [DRC0031]   Same Pin Number connected to  more than one net. /74HC595/6 Nets: 'N100929' and 'N32170'. :  SCHEMATIC1, NguyenLy  (2.00, 2.60) 
ERROR [DRC0031]   Same Pin Number connected to  more than one net. /74HC595/7 Nets: 'N100984' and 'N32117'. :  SCHEMATIC1, NguyenLy  (2.00, 2.50) 
ERROR [DRC0031]   Same Pin Number connected to  more than one net. /74HC595/15 Nets: 'N79493' and 'N61316'. :  SCHEMATIC1, NguyenLy  (3.00, 3.00) 
ERROR [DRC0031]   Same Pin Number connected to  more than one net. /74HC595/14 Nets: 'N70418' and 'N70788'. :  SCHEMATIC1, NguyenLy  (3.00, 2.90) 
ERROR [DRC0031]   Same Pin Number connected to  more than one net. /74HC595/10 Nets: 'N62232' and 'N63189'. :  SCHEMATIC1, NguyenLy  (3.00, 2.50) 
ERROR [DRC0031]   Same Pin Number connected to  more than one net. /74HC595/9 Nets: 'N70247' and 'N70418'. :  SCHEMATIC1, NguyenLy  (3.00, 2.40) 

--------------------------------------------------
Checking Schematic: SCHEMATIC1
--------------------------------------------------
Checking Electrical Rules 
ERROR [DRC0004]   Possible pin type conflict U1,OUT Output Connected to Power:  SCHEMATIC1, NguyenLy  (7.60, 5.30) 

Checking for Unconnected Nets

Checking for Invalid References
[DRC0011]   Reference is invalid for this part NGUON:  SCHEMATIC1, NguyenLy  (4.20, 5.20) 
[DRC0011]   Reference is invalid for this part KHOI DONG:  SCHEMATIC1, NguyenLy  (5.30, 5.20) 
[DRC0011]   Reference is invalid for this part PIN:  SCHEMATIC1, NguyenLy  (8.90, 4.70) 
[DRC0011]   Reference is invalid for this part RESET:  SCHEMATIC1, NguyenLy  (6.80, 4.90) 
ERROR [DRC0027]   Other parts in this package have different values or PCB footprints. 74HC595:  SCHEMATIC1, NguyenLy  (2.30, 1.20) 

Checking for Duplicate References
[DRC0010]   Duplicate reference 74HC595:  SCHEMATIC1, NguyenLy  (2.30, 2.30) 
[DRC0010]   Duplicate reference 74HC595:  SCHEMATIC1, NguyenLy  (2.30, 1.20) 


********************************************************************************
*
*  Design Rules Check
*
********************************************************************************

Checking Pins and Pin Connections
ERROR [DRC0031]   Same Pin Number connected to  more than one net. /74HC595/1 Nets: 'N34023' and 'N61263'. :  SCHEMATIC1, NguyenLy  (2.00, 2.00) 
ERROR [DRC0031]   Same Pin Number connected to  more than one net. /74HC595/2 Nets: 'N33970' and 'N32064'. :  SCHEMATIC1, NguyenLy  (2.00, 1.90) 
ERROR [DRC0031]   Same Pin Number connected to  more than one net. /74HC595/3 Nets: 'N43240' and 'N32329'. :  SCHEMATIC1, NguyenLy  (2.00, 1.80) 
ERROR [DRC0031]   Same Pin Number connected to  more than one net. /74HC595/4 Nets: 'N33864' and 'N32276'. :  SCHEMATIC1, NguyenLy  (2.00, 1.70) 
ERROR [DRC0031]   Same Pin Number connected to  more than one net. /74HC595/5 Nets: 'N33811' and 'N32223'. :  SCHEMATIC1, NguyenLy  (2.00, 1.60) 
ERROR [DRC0031]   Same Pin Number connected to  more than one net. /74HC595/6 Nets: 'N33758' and 'N32170'. :  SCHEMATIC1, NguyenLy  (2.00, 1.50) 
ERROR [DRC0031]   Same Pin Number connected to  more than one net. /74HC595/7 Nets: 'N33705' and 'N32117'. :  SCHEMATIC1, NguyenLy  (2.00, 1.40) 
ERROR [DRC0031]   Same Pin Number connected to  more than one net. /74HC595/15 Nets: 'N34076' and 'N61316'. :  SCHEMATIC1, NguyenLy  (3.00, 1.90) 
ERROR [DRC0031]   Same Pin Number connected to  more than one net. /74HC595/14 Nets: 'N70247' and 'N70788'. :  SCHEMATIC1, NguyenLy  (3.00, 1.80) 
ERROR [DRC0031]   Same Pin Number connected to  more than one net. /74HC595/10 Nets: 'N55367' and 'N63189'. :  SCHEMATIC1, NguyenLy  (3.00, 1.40) 
ERROR [DRC0031]   Same Pin Number connected to  more than one net. /74HC595/1 Nets: 'N100601' and 'N61263'. :  SCHEMATIC1, NguyenLy  (2.00, 3.10) 
ERROR [DRC0031]   Same Pin Number connected to  more than one net. /74HC595/2 Nets: 'N100709' and 'N32064'. :  SCHEMATIC1, NguyenLy  (2.00, 3.00) 
ERROR [DRC0031]   Same Pin Number connected to  more than one net. /74HC595/3 Nets: 'N100764' and 'N32329'. :  SCHEMATIC1, NguyenLy  (2.00, 2.90) 
ERROR [DRC0031]   Same Pin Number connected to  more than one net. /74HC595/4 Nets: 'N100819' and 'N32276'. :  SCHEMATIC1, NguyenLy  (2.00, 2.80) 
ERROR [DRC0031]   Same Pin Number connected to  more than one net. /74HC595/5 Nets: 'N100874' and 'N32223'. :  SCHEMATIC1, NguyenLy  (2.00, 2.70) 
ERROR [DRC0031]   Same Pin Number connected to  more than one net. /74HC595/6 Nets: 'N100929' and 'N32170'. :  SCHEMATIC1, NguyenLy  (2.00, 2.60) 
ERROR [DRC0031]   Same Pin Number connected to  more than one net. /74HC595/7 Nets: 'N100984' and 'N32117'. :  SCHEMATIC1, NguyenLy  (2.00, 2.50) 
ERROR [DRC0031]   Same Pin Number connected to  more than one net. /74HC595/15 Nets: 'N79493' and 'N61316'. :  SCHEMATIC1, NguyenLy  (3.00, 3.00) 
ERROR [DRC0031]   Same Pin Number connected to  more than one net. /74HC595/14 Nets: 'N70418' and 'N70788'. :  SCHEMATIC1, NguyenLy  (3.00, 2.90) 
ERROR [DRC0031]   Same Pin Number connected to  more than one net. /74HC595/10 Nets: 'N62232' and 'N63189'. :  SCHEMATIC1, NguyenLy  (3.00, 2.50) 
ERROR [DRC0031]   Same Pin Number connected to  more than one net. /74HC595/9 Nets: 'N70247' and 'N70418'. :  SCHEMATIC1, NguyenLy  (3.00, 2.40) 

--------------------------------------------------
Checking Schematic: SCHEMATIC1
--------------------------------------------------
Checking Electrical Rules 
ERROR [DRC0004]   Possible pin type conflict U1,OUT Output Connected to Power:  SCHEMATIC1, NguyenLy  (7.60, 5.30) 

Checking for Unconnected Nets

Checking for Invalid References
[DRC0011]   Reference is invalid for this part NGUON:  SCHEMATIC1, NguyenLy  (4.20, 5.20) 
[DRC0011]   Reference is invalid for this part KHOI DONG:  SCHEMATIC1, NguyenLy  (5.30, 5.20) 
[DRC0011]   Reference is invalid for this part PIN:  SCHEMATIC1, NguyenLy  (8.90, 4.70) 
[DRC0011]   Reference is invalid for this part RESET:  SCHEMATIC1, NguyenLy  (6.80, 4.90) 
ERROR [DRC0027]   Other parts in this package have different values or PCB footprints. 74HC595:  SCHEMATIC1, NguyenLy  (2.30, 1.20) 

Checking for Duplicate References
[DRC0010]   Duplicate reference 74HC595:  SCHEMATIC1, NguyenLy  (2.30, 2.30) 
[DRC0010]   Duplicate reference 74HC595:  SCHEMATIC1, NguyenLy  (2.30, 1.20) 


********************************************************************************
*
*  Design Rules Check
*
********************************************************************************

Checking Pins and Pin Connections

--------------------------------------------------
Checking Schematic: SCHEMATIC1
--------------------------------------------------
Checking Electrical Rules 
ERROR [DRC0004]   Possible pin type conflict U1,OUT Output Connected to Power:  SCHEMATIC1, NguyenLy  (7.60, 5.30) 

Checking for Unconnected Nets

Checking for Invalid References
[DRC0011]   Reference is invalid for this part NGUON:  SCHEMATIC1, NguyenLy  (4.20, 5.20) 
[DRC0011]   Reference is invalid for this part KHOI DONG:  SCHEMATIC1, NguyenLy  (5.30, 5.20) 
[DRC0011]   Reference is invalid for this part PIN:  SCHEMATIC1, NguyenLy  (8.90, 4.70) 
[DRC0011]   Reference is invalid for this part RESET:  SCHEMATIC1, NguyenLy  (6.80, 4.90) 

Checking for Duplicate References


********************************************************************************
*
*  Design Rules Check
*
********************************************************************************

Checking Pins and Pin Connections

--------------------------------------------------
Checking Schematic: SCHEMATIC1
--------------------------------------------------
Checking Electrical Rules 
ERROR [DRC0004]   Possible pin type conflict U1,OUT Output Connected to Power:  SCHEMATIC1, NguyenLy  (7.60, 5.30) 

Checking for Unconnected Nets

Checking for Invalid References
[DRC0011]   Reference is invalid for this part NGUON:  SCHEMATIC1, NguyenLy  (4.20, 5.20) 
[DRC0011]   Reference is invalid for this part KHOI DONG:  SCHEMATIC1, NguyenLy  (5.30, 5.20) 
[DRC0011]   Reference is invalid for this part PIN:  SCHEMATIC1, NguyenLy  (8.90, 4.70) 
[DRC0011]   Reference is invalid for this part RESET:  SCHEMATIC1, NguyenLy  (6.80, 4.90) 

Checking for Duplicate References
--------------------------------------------------------------------------------------------------------------------------------------
The following 1 points have been identified as net connectivity change points from the last operation
--------------------------------------------------------------------------------------------------------------------------------------
(7.60, 5.30)


********************************************************************************
*
*  Design Rules Check
*
********************************************************************************

Checking Pins and Pin Connections

--------------------------------------------------
Checking Schematic: SCHEMATIC1
--------------------------------------------------
Checking Electrical Rules 
ERROR [DRC0004]   Possible pin type conflict U1,OUT Output Connected to Power:  SCHEMATIC1, NguyenLy  (7.60, 5.30) 

Checking for Unconnected Nets

Checking for Invalid References
[DRC0011]   Reference is invalid for this part NGUON:  SCHEMATIC1, NguyenLy  (4.20, 5.20) 
[DRC0011]   Reference is invalid for this part KHOI DONG:  SCHEMATIC1, NguyenLy  (5.30, 5.20) 
[DRC0011]   Reference is invalid for this part PIN:  SCHEMATIC1, NguyenLy  (8.90, 4.70) 
[DRC0011]   Reference is invalid for this part RESET:  SCHEMATIC1, NguyenLy  (6.80, 4.90) 

Checking for Duplicate References


********************************************************************************
*
*  Design Rules Check
*
********************************************************************************

Checking Pins and Pin Connections

--------------------------------------------------
Checking Schematic: SCHEMATIC1
--------------------------------------------------
Checking Electrical Rules 
ERROR [DRC0004]   Possible pin type conflict U1,OUT Output Connected to Power:  SCHEMATIC1, NguyenLy  (7.60, 5.30) 

Checking for Unconnected Nets

Checking for Invalid References
[DRC0011]   Reference is invalid for this part NGUON:  SCHEMATIC1, NguyenLy  (4.20, 5.20) 
[DRC0011]   Reference is invalid for this part KHOI DONG:  SCHEMATIC1, NguyenLy  (5.30, 5.20) 
[DRC0011]   Reference is invalid for this part PIN:  SCHEMATIC1, NguyenLy  (8.90, 4.70) 
[DRC0011]   Reference is invalid for this part RESET:  SCHEMATIC1, NguyenLy  (6.80, 4.90) 

Checking for Duplicate References
